C51 COMPILER V9.60.7.0   LCDCOUNTEER                                                       04/22/2024 19:51:06 PAGE 1   


C51 COMPILER V9.60.7.0, COMPILATION OF MODULE LCDCOUNTEER
OBJECT MODULE PLACED IN .\Objects\lcdcounteer.obj
COMPILER INVOKED BY: D:\Project\C51\BIN\C51.EXE lcdcounteer.c OPTIMIZE(8,SPEED) BROWSE DEBUG OBJECTEXTEND PRINT(.\Listin
                    -gs\lcdcounteer.lst) TABS(2) OBJECT(.\Objects\lcdcounteer.obj)

line level    source

   1          #include<reg52.h>
   2          
   3          sbit counter=P3^4;
   4          sbit RS=P2^0;
   5          sbit RW=P2^1;
   6          sbit E=P2^2;
   7          unsigned char i;
   8          unsigned int cnt_value;
   9          
  10          void send_comment(unsigned int a);
  11          void send_data(unsigned int a);
  12          void ms_delay(unsigned int b);
  13          //LCD Initialize
  14          
  15          void main(){
  16   1        send_comment(0x38);
  17   1        send_comment(0x0e);
  18   1        send_comment(0x01);
  19   1        TMOD=0x06;
  20   1        
  21   1         counter=1;
  22   1        
  23   1         while(1){
  24   2           TL0=00;
  25   2           TH0=00;
  26   2           TR0=1;
  27   2           while(!TF0){
  28   3           
  29   3             send_comment(0x80);
  30   3              cnt_value=TL0;
  31   3              i=cnt_value/10;
  32   3              send_data(i+0x30);
  33   3             i=cnt_value%10;
  34   3              send_data(i+0x30);
  35   3             if(cnt_value==100){
  36   4               break;
  37   4             }
  38   3         }
  39   2           TF0=0;
  40   2           TR0=0;
  41   2      
  42   2      }
  43   1         }
  44          
  45          void send_comment(unsigned int a){
  46   1            P1=a;
  47   1            RS=0;
  48   1            RW=0;
  49   1            E=1;
  50   1            ms_delay(10);
  51   1            E=0;
  52   1      }
  53          void send_data(unsigned int a){
  54   1            P1=a;
C51 COMPILER V9.60.7.0   LCDCOUNTEER                                                       04/22/2024 19:51:06 PAGE 2   

  55   1            RS=1;
  56   1            RW=0;
  57   1            E=1;
  58   1            ms_delay(10);
  59   1            E=0;
  60   1      }
  61          void ms_delay(unsigned int b){
  62   1         int i,j;
  63   1         for(i=0;i<b;i++){
  64   2           for(j=0;j<113;j++);
  65   2         }
  66   1      }


MODULE INFORMATION:   STATIC OVERLAYABLE
   CODE SIZE        =    163    ----
   CONSTANT SIZE    =   ----    ----
   XDATA SIZE       =   ----    ----
   PDATA SIZE       =   ----    ----
   DATA SIZE        =      3    ----
   IDATA SIZE       =   ----    ----
   BIT SIZE         =   ----    ----
END OF MODULE INFORMATION.


C51 COMPILATION COMPLETE.  0 WARNING(S),  0 ERROR(S)
